11-20-19  09:35AM                  161 abc.txt
05-26-20  05:34PM             16188607 ACMP.zip
11-27-19  01:26PM                15584 app.tar.gz
11-20-19  07:21AM                14938 app.tar1.gz
11-25-19  12:13PM             45821844 CitrixReceiver.zip
05-28-20  02:16PM             30760773 DcoFImage
11-20-19  12:44PM             10538063 ECP_3.2rc12.7z
09-18-19  12:02PM       <DIR>          EvchargerApps
11-22-19  02:17PM              2852079 EVCharging-debug.zip
09-25-19  03:26PM              8267410 MultichargerV200B6.tar.gz.gpg
09-18-19  02:49PM              5582373 MultichargerV300.gpg
11-27-19  12:26PM       <DIR>          Old
11-20-19  10:57AM                  461 test_dc_cp001.csv
06-02-20  12:41PM       <DIR>          v02.01.12.41.07
06-03-20  01:54PM       <DIR>          V02.09.05.00
05-29-20  12:03PM       <DIR>          V02.09.06.00
06-02-20  12:38PM       <DIR>          V02.0A.03.00
06-02-20  12:44PM       <DIR>          V1.39
09-25-19  04:00PM              8408532 V200B6.tar.gpg
09-26-19  09:18AM             15190656 V200B61.tar.gpg
